Determining if the pthread_create exist failed with the following output:
Change Dir: /home/nvidia/Shark/build/CMakeFiles/CMakeTmp

Run Build Command:"/usr/bin/make" "cmTC_7247c/fast"
/usr/bin/make -f CMakeFiles/cmTC_7247c.dir/build.make CMakeFiles/cmTC_7247c.dir/build
make[1]: Entering directory '/home/nvidia/Shark/build/CMakeFiles/CMakeTmp'
Building C object CMakeFiles/cmTC_7247c.dir/CheckSymbolExists.c.o
/usr/bin/cc    -fPIC    -o CMakeFiles/cmTC_7247c.dir/CheckSymbolExists.c.o   -c /home/nvidia/Shark/build/CMakeFiles/CMakeTmp/CheckSymbolExists.c
Linking C executable cmTC_7247c
/usr/bin/cmake -E cmake_link_script CMakeFiles/cmTC_7247c.dir/link.txt --verbose=1
/usr/bin/cc  -fPIC     CMakeFiles/cmTC_7247c.dir/CheckSymbolExists.c.o  -o cmTC_7247c -rdynamic 
CMakeFiles/cmTC_7247c.dir/CheckSymbolExists.c.o: In function `main':
CheckSymbolExists.c:(.text+0x14): undefined reference to `pthread_create'
CheckSymbolExists.c:(.text+0x18): undefined reference to `pthread_create'
collect2: error: ld returned 1 exit status
CMakeFiles/cmTC_7247c.dir/build.make:97: recipe for target 'cmTC_7247c' failed
make[1]: *** [cmTC_7247c] Error 1
make[1]: Leaving directory '/home/nvidia/Shark/build/CMakeFiles/CMakeTmp'
Makefile:126: recipe for target 'cmTC_7247c/fast' failed
make: *** [cmTC_7247c/fast] Error 2

File /home/nvidia/Shark/build/CMakeFiles/CMakeTmp/CheckSymbolExists.c:
/* */
#include <pthread.h>

int main(int argc, char** argv)
{
  (void)argv;
#ifndef pthread_create
  return ((int*)(&pthread_create))[argc];
#else
  (void)argc;
  return 0;
#endif
}

Determining if the function pthread_create exists in the pthreads failed with the following output:
Change Dir: /home/nvidia/Shark/build/CMakeFiles/CMakeTmp

Run Build Command:"/usr/bin/make" "cmTC_f946f/fast"
/usr/bin/make -f CMakeFiles/cmTC_f946f.dir/build.make CMakeFiles/cmTC_f946f.dir/build
make[1]: Entering directory '/home/nvidia/Shark/build/CMakeFiles/CMakeTmp'
Building C object CMakeFiles/cmTC_f946f.dir/CheckFunctionExists.c.o
/usr/bin/cc    -fPIC -DCHECK_FUNCTION_EXISTS=pthread_create   -o CMakeFiles/cmTC_f946f.dir/CheckFunctionExists.c.o   -c /usr/share/cmake-3.5/Modules/CheckFunctionExists.c
Linking C executable cmTC_f946f
/usr/bin/cmake -E cmake_link_script CMakeFiles/cmTC_f946f.dir/link.txt --verbose=1
/usr/bin/cc  -fPIC -DCHECK_FUNCTION_EXISTS=pthread_create    CMakeFiles/cmTC_f946f.dir/CheckFunctionExists.c.o  -o cmTC_f946f -rdynamic -lpthreads 
/usr/bin/ld: cannot find -lpthreads
collect2: error: ld returned 1 exit status
CMakeFiles/cmTC_f946f.dir/build.make:97: recipe for target 'cmTC_f946f' failed
make[1]: *** [cmTC_f946f] Error 1
make[1]: Leaving directory '/home/nvidia/Shark/build/CMakeFiles/CMakeTmp'
Makefile:126: recipe for target 'cmTC_f946f/fast' failed
make: *** [cmTC_f946f/fast] Error 2


